  [1m[35m (1.4ms)[0m  [1m[35mCREATE TABLE "schema_migrations" ("version" varchar NOT NULL PRIMARY KEY)[0m
  [1m[35m (1.0ms)[0m  [1m[35mCREATE TABLE "ar_internal_metadata" ("key" varchar NOT NULL PRIMARY KEY, "value" varchar, "created_at" datetime(6) NOT NULL, "updated_at" datetime(6) NOT NULL)[0m
  [1m[36mActiveRecord::SchemaMigration Pluck (0.2ms)[0m  [1m[34mSELECT "schema_migrations"."version" FROM "schema_migrations" ORDER BY "schema_migrations"."version" ASC[0m
Migrating to CreateRecipes (20221227014955)
  [1m[36mTRANSACTION (0.1ms)[0m  [1m[36mbegin transaction[0m
  [1m[35m (0.3ms)[0m  [1m[35mCREATE TABLE "recipes" ("id" integer PRIMARY KEY AUTOINCREMENT NOT NULL, "title" varchar, "created_at" datetime(6) NOT NULL, "updated_at" datetime(6) NOT NULL)[0m
  [1m[36mActiveRecord::SchemaMigration Create (0.2ms)[0m  [1m[32mINSERT INTO "schema_migrations" ("version") VALUES (?)[0m  [["version", "20221227014955"]]
  [1m[36mTRANSACTION (0.7ms)[0m  [1m[36mcommit transaction[0m
  [1m[36mActiveRecord::InternalMetadata Load (0.2ms)[0m  [1m[34mSELECT "ar_internal_metadata".* FROM "ar_internal_metadata" WHERE "ar_internal_metadata"."key" = ? LIMIT ?[0m  [["key", "environment"], ["LIMIT", 1]]
  [1m[36mTRANSACTION (0.0ms)[0m  [1m[36mbegin transaction[0m
  [1m[36mActiveRecord::InternalMetadata Create (0.4ms)[0m  [1m[32mINSERT INTO "ar_internal_metadata" ("key", "value", "created_at", "updated_at") VALUES (?, ?, ?, ?)[0m  [["key", "environment"], ["value", "development"], ["created_at", "2022-12-27 01:50:05.621923"], ["updated_at", "2022-12-27 01:50:05.621923"]]
  [1m[36mTRANSACTION (0.9ms)[0m  [1m[36mcommit transaction[0m
  [1m[36mActiveRecord::SchemaMigration Pluck (0.1ms)[0m  [1m[34mSELECT "schema_migrations"."version" FROM "schema_migrations" ORDER BY "schema_migrations"."version" ASC[0m
  [1m[36mActiveRecord::SchemaMigration Pluck (0.5ms)[0m  [1m[34mSELECT "schema_migrations"."version" FROM "schema_migrations" ORDER BY "schema_migrations"."version" ASC[0m
Migrating to CreateCategories (20221227015021)
  [1m[36mTRANSACTION (0.1ms)[0m  [1m[36mbegin transaction[0m
  [1m[35m (1.2ms)[0m  [1m[35mCREATE TABLE "categories" ("id" integer PRIMARY KEY AUTOINCREMENT NOT NULL, "name" varchar, "created_at" datetime(6) NOT NULL, "updated_at" datetime(6) NOT NULL)[0m
  [1m[36mActiveRecord::SchemaMigration Create (0.8ms)[0m  [1m[32mINSERT INTO "schema_migrations" ("version") VALUES (?)[0m  [["version", "20221227015021"]]
  [1m[36mTRANSACTION (1.0ms)[0m  [1m[36mcommit transaction[0m
Migrating to AddCategoryRefToRecipes (20221227015039)
  [1m[36mTRANSACTION (0.0ms)[0m  [1m[36mbegin transaction[0m
  [1m[35m (0.0ms)[0m  [1m[35mPRAGMA foreign_keys[0m
  [1m[35m (0.0ms)[0m  [1m[35mPRAGMA defer_foreign_keys[0m
  [1m[35m (0.0ms)[0m  [1m[35mPRAGMA defer_foreign_keys = ON[0m
  [1m[35m (0.0ms)[0m  [1m[35mPRAGMA foreign_keys = OFF[0m
  [1m[35m (0.1ms)[0m  [1m[35mCREATE TEMPORARY TABLE "arecipes" ("id" integer NOT NULL PRIMARY KEY, "title" varchar DEFAULT NULL, "created_at" datetime(6) NOT NULL, "updated_at" datetime(6) NOT NULL)[0m
  [1m[35m (0.5ms)[0m  [1m[32mINSERT INTO "arecipes" ("id","title","created_at","updated_at")
                     SELECT "id","title","created_at","updated_at" FROM "recipes"[0m
  [1m[35m (1.1ms)[0m  [1m[35mDROP TABLE "recipes"[0m
  [1m[35m (0.1ms)[0m  [1m[35mCREATE TABLE "recipes" ("id" integer NOT NULL PRIMARY KEY, "title" varchar DEFAULT NULL, "created_at" datetime(6) NOT NULL, "updated_at" datetime(6) NOT NULL, "category_id" integer NOT NULL)[0m
  [1m[35m (0.0ms)[0m  [1m[32mINSERT INTO "recipes" ("id","title","created_at","updated_at")
                     SELECT "id","title","created_at","updated_at" FROM "arecipes"[0m
  [1m[35m (0.1ms)[0m  [1m[35mDROP TABLE "arecipes"[0m
  [1m[35m (0.0ms)[0m  [1m[35mPRAGMA defer_foreign_keys = 0[0m
  [1m[35m (0.0ms)[0m  [1m[35mPRAGMA foreign_keys = 1[0m
  [1m[35m (0.1ms)[0m  [1m[35mCREATE INDEX "index_recipes_on_category_id" ON "recipes" ("category_id")[0m
  [1m[35m (0.0ms)[0m  [1m[35mPRAGMA foreign_keys[0m
  [1m[35m (0.0ms)[0m  [1m[35mPRAGMA defer_foreign_keys[0m
  [1m[35m (0.0ms)[0m  [1m[35mPRAGMA defer_foreign_keys = ON[0m
  [1m[35m (0.0ms)[0m  [1m[35mPRAGMA foreign_keys = OFF[0m
  [1m[35m (0.1ms)[0m  [1m[35mCREATE TEMPORARY TABLE "arecipes" ("id" integer NOT NULL PRIMARY KEY, "title" varchar DEFAULT NULL, "created_at" datetime(6) NOT NULL, "updated_at" datetime(6) NOT NULL, "category_id" integer NOT NULL)[0m
  [1m[35m (0.1ms)[0m  [1m[35mCREATE INDEX "tindex_arecipes_on_category_id" ON "arecipes" ("category_id")[0m
  [1m[35m (0.0ms)[0m  [1m[32mINSERT INTO "arecipes" ("id","title","created_at","updated_at","category_id")
                     SELECT "id","title","created_at","updated_at","category_id" FROM "recipes"[0m
  [1m[35m (0.1ms)[0m  [1m[35mDROP TABLE "recipes"[0m
  [1m[35m (0.1ms)[0m  [1m[35mCREATE TABLE "recipes" ("id" integer NOT NULL PRIMARY KEY, "title" varchar DEFAULT NULL, "created_at" datetime(6) NOT NULL, "updated_at" datetime(6) NOT NULL, "category_id" integer NOT NULL, CONSTRAINT "fk_rails_22f4e84158"
FOREIGN KEY ("category_id")
  REFERENCES "categories" ("id")
)[0m
  [1m[35m (0.1ms)[0m  [1m[35mCREATE INDEX "index_recipes_on_category_id" ON "recipes" ("category_id")[0m
  [1m[35m (0.1ms)[0m  [1m[32mINSERT INTO "recipes" ("id","title","created_at","updated_at","category_id")
                     SELECT "id","title","created_at","updated_at","category_id" FROM "arecipes"[0m
  [1m[35m (0.1ms)[0m  [1m[35mDROP TABLE "arecipes"[0m
  [1m[35m (0.0ms)[0m  [1m[35mPRAGMA defer_foreign_keys = 0[0m
  [1m[35m (0.2ms)[0m  [1m[35mPRAGMA foreign_keys = 1[0m
  [1m[36mActiveRecord::SchemaMigration Create (0.2ms)[0m  [1m[32mINSERT INTO "schema_migrations" ("version") VALUES (?)[0m  [["version", "20221227015039"]]
  [1m[36mTRANSACTION (1.1ms)[0m  [1m[36mcommit transaction[0m
  [1m[36mActiveRecord::InternalMetadata Load (0.9ms)[0m  [1m[34mSELECT "ar_internal_metadata".* FROM "ar_internal_metadata" WHERE "ar_internal_metadata"."key" = ? LIMIT ?[0m  [["key", "environment"], ["LIMIT", 1]]
  [1m[36mActiveRecord::SchemaMigration Pluck (0.1ms)[0m  [1m[34mSELECT "schema_migrations"."version" FROM "schema_migrations" ORDER BY "schema_migrations"."version" ASC[0m
  [1m[36mActiveRecord::SchemaMigration Pluck (0.5ms)[0m  [1m[34mSELECT "schema_migrations"."version" FROM "schema_migrations" ORDER BY "schema_migrations"."version" ASC[0m
Migrating to AddInstructionToRecipe (20221227015349)
  [1m[36mTRANSACTION (0.1ms)[0m  [1m[36mbegin transaction[0m
  [1m[35m (0.6ms)[0m  [1m[35mALTER TABLE "recipes" ADD "instructions" varchar[0m
  [1m[36mActiveRecord::SchemaMigration Create (0.4ms)[0m  [1m[32mINSERT INTO "schema_migrations" ("version") VALUES (?)[0m  [["version", "20221227015349"]]
  [1m[36mTRANSACTION (0.6ms)[0m  [1m[36mcommit transaction[0m
  [1m[36mActiveRecord::InternalMetadata Load (0.7ms)[0m  [1m[34mSELECT "ar_internal_metadata".* FROM "ar_internal_metadata" WHERE "ar_internal_metadata"."key" = ? LIMIT ?[0m  [["key", "environment"], ["LIMIT", 1]]
  [1m[36mActiveRecord::SchemaMigration Pluck (0.1ms)[0m  [1m[34mSELECT "schema_migrations"."version" FROM "schema_migrations" ORDER BY "schema_migrations"."version" ASC[0m
Started GET "/" for 127.0.0.1 at 2022-12-27 09:55:11 +0800
  [1m[36mActiveRecord::SchemaMigration Pluck (0.5ms)[0m  [1m[34mSELECT "schema_migrations"."version" FROM "schema_migrations" ORDER BY "schema_migrations"."version" ASC[0m
Processing by Rails::WelcomeController#index as HTML
  Rendering /usr/local/lib/ruby/gems/3.1.0/gems/railties-7.0.4/lib/rails/templates/rails/welcome/index.html.erb
  Rendered /usr/local/lib/ruby/gems/3.1.0/gems/railties-7.0.4/lib/rails/templates/rails/welcome/index.html.erb (Duration: 2.9ms | Allocations: 577)
Completed 200 OK in 17ms (Views: 9.3ms | ActiveRecord: 0.0ms | Allocations: 3248)


Started GET "/welcome" for 127.0.0.1 at 2022-12-27 09:55:18 +0800
  
ActionController::RoutingError (No route matches [GET] "/welcome"):
  
Started GET "/welcome/index" for 127.0.0.1 at 2022-12-27 09:55:27 +0800
Processing by WelcomeController#index as HTML
  Rendering layout layouts/application.html.erb
  Rendering welcome/index.html.erb within layouts/application
  Rendered welcome/index.html.erb within layouts/application (Duration: 1.3ms | Allocations: 109)
  Rendered layout layouts/application.html.erb (Duration: 205.9ms | Allocations: 51453)
Completed 200 OK in 211ms (Views: 209.1ms | ActiveRecord: 0.0ms | Allocations: 52357)


Started GET "/" for 127.0.0.1 at 2022-12-27 10:00:22 +0800
  [1m[36mActiveRecord::SchemaMigration Pluck (0.7ms)[0m  [1m[34mSELECT "schema_migrations"."version" FROM "schema_migrations" ORDER BY "schema_migrations"."version" ASC[0m
Processing by Rails::WelcomeController#index as HTML
  Rendering /usr/local/lib/ruby/gems/3.1.0/gems/railties-7.0.4/lib/rails/templates/rails/welcome/index.html.erb
  Rendered /usr/local/lib/ruby/gems/3.1.0/gems/railties-7.0.4/lib/rails/templates/rails/welcome/index.html.erb (Duration: 2.2ms | Allocations: 469)
Completed 200 OK in 10ms (Views: 5.9ms | ActiveRecord: 0.0ms | Allocations: 2339)


Started GET "/" for 127.0.0.1 at 2022-12-27 10:01:22 +0800
Processing by WelcomeController#index as HTML
  Rendering layout layouts/application.html.erb
  Rendering welcome/index.html.erb within layouts/application
  Rendered welcome/index.html.erb within layouts/application (Duration: 1.3ms | Allocations: 350)
  Rendered layout layouts/application.html.erb (Duration: 60.2ms | Allocations: 16857)
Completed 200 OK in 63ms (Views: 61.9ms | Allocations: 17791)


Started GET "/recipes" for 127.0.0.1 at 2022-12-27 10:01:23 +0800
Processing by RecipesController#index as HTML
  Rendering layout layouts/application.html.erb
  Rendering recipes/index.html.erb within layouts/application
  [1m[36mRecipe Load (0.6ms)[0m  [1m[34mSELECT "recipes".* FROM "recipes"[0m
  ↳ app/views/recipes/index.html.erb:6
  Rendered recipes/index.html.erb within layouts/application (Duration: 3.7ms | Allocations: 1533)
  Rendered layout layouts/application.html.erb (Duration: 5.7ms | Allocations: 3203)
Completed 200 OK in 16ms (Views: 6.6ms | ActiveRecord: 1.0ms | Allocations: 5963)


Started GET "/welcome/index" for 127.0.0.1 at 2022-12-27 10:01:25 +0800
Processing by WelcomeController#index as HTML
  Rendering layout layouts/application.html.erb
  Rendering welcome/index.html.erb within layouts/application
  Rendered welcome/index.html.erb within layouts/application (Duration: 0.2ms | Allocations: 71)
  Rendered layout layouts/application.html.erb (Duration: 2.9ms | Allocations: 1693)
Completed 200 OK in 4ms (Views: 3.4ms | ActiveRecord: 0.0ms | Allocations: 1947)


Started GET "/categories" for 127.0.0.1 at 2022-12-27 10:01:25 +0800
Processing by CategoriesController#index as HTML
  Rendering layout layouts/application.html.erb
  Rendering categories/index.html.erb within layouts/application
  [1m[36mCategory Load (0.6ms)[0m  [1m[34mSELECT "categories".* FROM "categories"[0m
  ↳ app/views/categories/index.html.erb:6
  Rendered categories/index.html.erb within layouts/application (Duration: 4.3ms | Allocations: 1306)
  Rendered layout layouts/application.html.erb (Duration: 7.6ms | Allocations: 2972)
Completed 200 OK in 16ms (Views: 8.1ms | ActiveRecord: 0.6ms | Allocations: 5001)


Started GET "/welcome/index" for 127.0.0.1 at 2022-12-27 10:01:26 +0800
Processing by WelcomeController#index as HTML
  Rendering layout layouts/application.html.erb
  Rendering welcome/index.html.erb within layouts/application
  Rendered welcome/index.html.erb within layouts/application (Duration: 0.2ms | Allocations: 71)
  Rendered layout layouts/application.html.erb (Duration: 2.7ms | Allocations: 1694)
Completed 200 OK in 4ms (Views: 3.5ms | ActiveRecord: 0.0ms | Allocations: 1949)


